<?xml version="1.0" encoding="UTF-8"?>
<!-- Generated by org.testng.reporters.JUnitReportReporter -->
<testsuite hostname="dell" failures="0" tests="1" name="QualicoachProject.LoginPage" time="52.342" errors="0" timestamp="2021-10-25T01:04:16 IST" skipped="0">
  <testcase classname="QualicoachProject.LoginPage" name="takequiz" time="52.342"/>
  <system-out/>
</testsuite> <!-- QualicoachProject.LoginPage -->
