<?xml version="1.0" encoding="UTF-8"?>
<!-- Generated by org.testng.reporters.JUnitReportReporter -->
<testsuite hostname="dell" failures="0" tests="1" name="QualicoachProject.AdminLoginPage" time="81.943" errors="0" timestamp="2021-10-25T00:04:25 IST" skipped="0">
  <testcase classname="QualicoachProject.AdminLoginPage" name="createcourse" time="81.943"/>
  <system-out/>
</testsuite> <!-- QualicoachProject.AdminLoginPage -->
